00:00:00.000947 main     VirtualBox XPCOM Server 7.1.6 r167084 linux.amd64 (Jan 27 2025 07:52:25) release log
00:00:00.000949 main     Log opened 2025-02-17T16:44:58.111918000Z
00:00:00.000949 main     Build Type: release
00:00:00.000951 main     OS Product: Linux
00:00:00.000952 main     OS Release: 6.13.2-arch1-1
00:00:00.000952 main     OS Version: #1 SMP PREEMPT_DYNAMIC Sat, 08 Feb 2025 18:54:55 +0000
00:00:00.000985 main     DMI Product Name: Aspire A515-45
00:00:00.000993 main     DMI Product Version: V1.52
00:00:00.000998 main     Firmware type: UEFI
00:00:00.001366 main     Secure Boot: Disabled
00:00:00.001421 main     Host RAM: 7283MB (7.1GB) total, 4528MB (4.4GB) available
00:00:00.001425 main     Executable: /usr/lib/virtualbox/VBoxSVC
00:00:00.001425 main     Process ID: 8018
00:00:00.001425 main     Package type: LINUX_64BITS_GENERIC (OSE)
00:00:00.003549 main     IPC socket path: /tmp/.vbox-thefire888-ipc/ipcd
00:00:00.028145 DCon01   VirtualBox: object creation starts
00:00:00.029101 DCon01   Home directory: '/home/thefire888/.config/VirtualBox'
00:00:00.029676 DCon01   Loading settings file "/home/thefire888/.config/VirtualBox/VirtualBox.xml" with version "1.12-linux"
00:00:00.206426 DCon01   NetIfAdpCtlOut: VBoxNetAdpCtl: Error while retrieving link speed for wlan0: VBoxNetAdpCtl: ioctl failed: Operation not supported
00:00:00.208156 DCon01   HostDnsMonitor: initializing
00:00:00.208415 DCon01   NAT: resolv.conf: nameserver 143.107.253.3
00:00:00.208420 DCon01   NAT: resolv.conf: nameserver 200.144.249.204
00:00:00.208429 DCon01   HostDnsMonitor: updating information
00:00:00.208437 DCon01   HostDnsMonitor: old information
00:00:00.208440 DCon01     no server entries
00:00:00.208443 DCon01     no domain set
00:00:00.208445 DCon01     no search string entries
00:00:00.208448 DCon01   HostDnsMonitor: new information
00:00:00.208450 DCon01     server 1: 143.107.253.3
00:00:00.208454 DCon01     server 2: 200.144.249.204
00:00:00.208457 DCon01     domain: semfio.usp.br
00:00:00.208459 DCon01     search string 1: semfio.usp.br
00:00:00.212473 DCon01   VD: VDInit finished with VINF_SUCCESS
00:00:00.213237 DCon01   ERROR [COM]: aRC=NS_ERROR_FAILURE (0x80004005) aIID={925084b0-625f-422f-a67d-0ede1880a56c} aComponent={SystemPropertiesWrap} aText={Cannot determine default Guest Additions ISO location. Most likely they are not available}, preserve=false aResultDetail=0
00:00:00.214822 DCon01   Platform architecture set to 'x86'
00:00:00.217666 DCon01   ERROR [COM]: aRC=NS_ERROR_FAILURE (0x80004005) aIID={e36a5081-a82a-40bd-9e4e-42a44d6ce50f} aComponent={MachineWrap} aText={Runtime error opening '/home/thefire888/VirtualBox VMs/Treino ArchLinux/Treino ArchLinux.vbox' for reading VERR_FILE_NOT_FOUND (File not found.).
00:00:00.217669 DCon01   /build/virtualbox/src/VirtualBox-7.1.6/src/VBox/Main/src-server/MachineImpl.cpp[984] (nsresult Machine::i_registeredInit())}, preserve=false aResultDetail=0
00:00:00.217905 DCon01   Platform architecture set to 'x86'
00:00:00.217949 DCon01   ERROR [COM]: aRC=NS_ERROR_FAILURE (0x80004005) aIID={e36a5081-a82a-40bd-9e4e-42a44d6ce50f} aComponent={MachineWrap} aText={Runtime error opening '/home/thefire888/VirtualBox VMs/Clone de Treino ArchLinux/Clone de Treino ArchLinux.vbox' for reading VERR_FILE_NOT_FOUND (File not found.).
00:00:00.217951 DCon01   /build/virtualbox/src/VirtualBox-7.1.6/src/VBox/Main/src-server/MachineImpl.cpp[984] (nsresult Machine::i_registeredInit())}, preserve=false aResultDetail=0
00:00:00.218319 DCon01   VirtualBox: object created
00:00:00.759002 DCon07   Platform architecture set to 'x86'
00:00:00.759249 DCon07   ERROR [COM]: aRC=NS_ERROR_FAILURE (0x80004005) aIID={e36a5081-a82a-40bd-9e4e-42a44d6ce50f} aComponent={MachineWrap} aText={Runtime error opening '/home/thefire888/VirtualBox VMs/Treino ArchLinux/Treino ArchLinux.vbox' for reading VERR_FILE_NOT_FOUND (File not found.).
00:00:00.759256 DCon07   /build/virtualbox/src/VirtualBox-7.1.6/src/VBox/Main/src-server/MachineImpl.cpp[984] (nsresult Machine::i_registeredInit())}, preserve=false aResultDetail=0
00:00:00.759971 DCon07   Platform architecture set to 'x86'
00:00:00.760147 DCon07   ERROR [COM]: aRC=NS_ERROR_FAILURE (0x80004005) aIID={e36a5081-a82a-40bd-9e4e-42a44d6ce50f} aComponent={MachineWrap} aText={Runtime error opening '/home/thefire888/VirtualBox VMs/Treino ArchLinux/Treino ArchLinux.vbox' for reading VERR_FILE_NOT_FOUND (File not found.).
00:00:00.760149 DCon07   /build/virtualbox/src/VirtualBox-7.1.6/src/VBox/Main/src-server/MachineImpl.cpp[984] (nsresult Machine::i_registeredInit())}, preserve=false aResultDetail=0
00:00:00.760827 DCon07   Platform architecture set to 'x86'
00:00:00.760874 DCon07   ERROR [COM]: aRC=NS_ERROR_FAILURE (0x80004005) aIID={e36a5081-a82a-40bd-9e4e-42a44d6ce50f} aComponent={MachineWrap} aText={Runtime error opening '/home/thefire888/VirtualBox VMs/Treino ArchLinux/Treino ArchLinux.vbox' for reading VERR_FILE_NOT_FOUND (File not found.).
00:00:00.760875 DCon07   /build/virtualbox/src/VirtualBox-7.1.6/src/VBox/Main/src-server/MachineImpl.cpp[984] (nsresult Machine::i_registeredInit())}, preserve=false aResultDetail=0
00:00:00.769014 DCon07   Platform architecture set to 'x86'
00:00:00.769207 DCon07   ERROR [COM]: aRC=NS_ERROR_FAILURE (0x80004005) aIID={e36a5081-a82a-40bd-9e4e-42a44d6ce50f} aComponent={MachineWrap} aText={Runtime error opening '/home/thefire888/VirtualBox VMs/Clone de Treino ArchLinux/Clone de Treino ArchLinux.vbox' for reading VERR_FILE_NOT_FOUND (File not found.).
00:00:00.769212 DCon07   /build/virtualbox/src/VirtualBox-7.1.6/src/VBox/Main/src-server/MachineImpl.cpp[984] (nsresult Machine::i_registeredInit())}, preserve=false aResultDetail=0
00:00:00.769531 DCon07   Platform architecture set to 'x86'
00:00:00.769582 DCon07   ERROR [COM]: aRC=NS_ERROR_FAILURE (0x80004005) aIID={e36a5081-a82a-40bd-9e4e-42a44d6ce50f} aComponent={MachineWrap} aText={Runtime error opening '/home/thefire888/VirtualBox VMs/Clone de Treino ArchLinux/Clone de Treino ArchLinux.vbox' for reading VERR_FILE_NOT_FOUND (File not found.).
00:00:00.769584 DCon07   /build/virtualbox/src/VirtualBox-7.1.6/src/VBox/Main/src-server/MachineImpl.cpp[984] (nsresult Machine::i_registeredInit())}, preserve=false aResultDetail=0
00:00:00.770109 DCon07   Platform architecture set to 'x86'
00:00:00.770150 DCon07   ERROR [COM]: aRC=NS_ERROR_FAILURE (0x80004005) aIID={e36a5081-a82a-40bd-9e4e-42a44d6ce50f} aComponent={MachineWrap} aText={Runtime error opening '/home/thefire888/VirtualBox VMs/Clone de Treino ArchLinux/Clone de Treino ArchLinux.vbox' for reading VERR_FILE_NOT_FOUND (File not found.).
00:00:00.770151 DCon07   /build/virtualbox/src/VirtualBox-7.1.6/src/VBox/Main/src-server/MachineImpl.cpp[984] (nsresult Machine::i_registeredInit())}, preserve=false aResultDetail=0
00:00:00.841135 DCon01   WARNING [COM]: aRC=NS_ERROR_FAILURE (0x80004005) aIID={d5dcece0-b202-4416-a138-03502784cc07} aComponent={HostWrap} aText={VirtualBox is not currently allowed to access USB devices.  You can change this by adding your user to the 'vboxusers' group.  Please see the user manual for a more detailed explanation}, preserve=false aResultDetail=0
00:00:14.176109 DCon02   Platform architecture set to 'x86'
00:00:14.176348 DCon02   ERROR [COM]: aRC=NS_ERROR_FAILURE (0x80004005) aIID={e36a5081-a82a-40bd-9e4e-42a44d6ce50f} aComponent={MachineWrap} aText={Runtime error opening '/home/thefire888/VirtualBox VMs/Treino ArchLinux/Treino ArchLinux.vbox' for reading VERR_FILE_NOT_FOUND (File not found.).
00:00:14.176355 DCon02   /build/virtualbox/src/VirtualBox-7.1.6/src/VBox/Main/src-server/MachineImpl.cpp[984] (nsresult Machine::i_registeredInit())}, preserve=false aResultDetail=0
00:00:22.666747 DCon02   Saving settings file "/home/thefire888/.config/VirtualBox/VirtualBox.xml" with version "1.12-linux"
00:00:22.670990 DCon02   Finished saving settings file "/home/thefire888/.config/VirtualBox/VirtualBox.xml"
00:00:42.497947 DCon09   Platform architecture set to 'x86'
00:00:42.500871 DCon09   Loading settings file "/home/thefire888/VirtualBox VMs/Treino ArchLinux/Treino ArchLinux.vbox" with version "1.19-linux"
00:00:42.501206 DCon09   Platform architecture set to 'x86'
00:00:42.510582 DCon02   Saving settings file "/home/thefire888/.config/VirtualBox/VirtualBox.xml" with version "1.12-linux"
00:00:42.514679 DCon02   Finished saving settings file "/home/thefire888/.config/VirtualBox/VirtualBox.xml"
00:00:42.523385 DCon02   Saving settings file "/home/thefire888/.config/VirtualBox/VirtualBox.xml" with version "1.12-linux"
00:00:42.526840 DCon02   Finished saving settings file "/home/thefire888/.config/VirtualBox/VirtualBox.xml"
00:00:42.610126 DCon07   WARNING [COM]: aRC=NS_ERROR_FAILURE (0x80004005) aIID={d5dcece0-b202-4416-a138-03502784cc07} aComponent={HostWrap} aText={VirtualBox is not currently allowed to access USB devices.  You can change this by adding your user to the 'vboxusers' group.  Please see the user manual for a more detailed explanation}, preserve=true aResultDetail=0
00:00:42.696618 DCon07   ERROR [COM]: aRC=VBOX_E_OBJECT_NOT_FOUND (0x80bb0001) aIID={5bfd8965-b81b-469f-8649-f717ce97a5d5} aComponent={NvramStoreWrap} aText={The UEFI NVRAM file is not existing for this machine}, preserve=false aResultDetail=0
00:00:42.839446 DCon07   ERROR [COM]: aRC=VBOX_E_INVALID_VM_STATE (0x80bb0002) aIID={e36a5081-a82a-40bd-9e4e-42a44d6ce50f} aComponent={MachineWrap} aText={The machine is not mutable, saved or running (state is PoweredOff)}, preserve=false aResultDetail=0
00:00:42.882709 DCon07   WARNING [COM]: aRC=NS_ERROR_FAILURE (0x80004005) aIID={d5dcece0-b202-4416-a138-03502784cc07} aComponent={HostWrap} aText={VirtualBox is not currently allowed to access USB devices.  You can change this by adding your user to the 'vboxusers' group.  Please see the user manual for a more detailed explanation}, preserve=true aResultDetail=0
00:00:42.884168 DCon07   WARNING [COM]: aRC=NS_ERROR_FAILURE (0x80004005) aIID={d5dcece0-b202-4416-a138-03502784cc07} aComponent={HostWrap} aText={VirtualBox is not currently allowed to access USB devices.  You can change this by adding your user to the 'vboxusers' group.  Please see the user manual for a more detailed explanation}, preserve=true aResultDetail=0
00:00:42.996255 DCon07   Saving settings file "/home/thefire888/.config/VirtualBox/VirtualBox.xml" with version "1.12-linux"
00:00:42.998783 DCon07   Finished saving settings file "/home/thefire888/.config/VirtualBox/VirtualBox.xml"
00:00:44.511679 DCon11   Saving settings file "/home/thefire888/.config/VirtualBox/VirtualBox.xml" with version "1.12-linux"
00:00:44.518007 DCon11   Finished saving settings file "/home/thefire888/.config/VirtualBox/VirtualBox.xml"
00:00:46.491049 DCon11   Saving settings file "/home/thefire888/.config/VirtualBox/VirtualBox.xml" with version "1.12-linux"
00:00:46.497618 DCon11   Finished saving settings file "/home/thefire888/.config/VirtualBox/VirtualBox.xml"
00:00:46.527445 DCon11   WARNING [COM]: aRC=NS_ERROR_FAILURE (0x80004005) aIID={d5dcece0-b202-4416-a138-03502784cc07} aComponent={HostWrap} aText={VirtualBox is not currently allowed to access USB devices.  You can change this by adding your user to the 'vboxusers' group.  Please see the user manual for a more detailed explanation}, preserve=true aResultDetail=0
00:00:46.549520 DCon11   ERROR [COM]: aRC=VBOX_E_OBJECT_NOT_FOUND (0x80bb0001) aIID={5bfd8965-b81b-469f-8649-f717ce97a5d5} aComponent={NvramStoreWrap} aText={The UEFI NVRAM file is not existing for this machine}, preserve=false aResultDetail=0
00:00:46.552005 DCon11   ERROR [COM]: aRC=VBOX_E_INVALID_VM_STATE (0x80bb0002) aIID={e36a5081-a82a-40bd-9e4e-42a44d6ce50f} aComponent={MachineWrap} aText={The machine is not mutable, saved or running (state is PoweredOff)}, preserve=false aResultDetail=0
00:00:46.559332 DCon11   WARNING [COM]: aRC=NS_ERROR_FAILURE (0x80004005) aIID={d5dcece0-b202-4416-a138-03502784cc07} aComponent={HostWrap} aText={VirtualBox is not currently allowed to access USB devices.  You can change this by adding your user to the 'vboxusers' group.  Please see the user manual for a more detailed explanation}, preserve=true aResultDetail=0
00:00:46.559991 DCon11   WARNING [COM]: aRC=NS_ERROR_FAILURE (0x80004005) aIID={d5dcece0-b202-4416-a138-03502784cc07} aComponent={HostWrap} aText={VirtualBox is not currently allowed to access USB devices.  You can change this by adding your user to the 'vboxusers' group.  Please see the user manual for a more detailed explanation}, preserve=true aResultDetail=0
00:00:51.617053 DCon11   Saving settings file "/home/thefire888/.config/VirtualBox/VirtualBox.xml" with version "1.12-linux"
00:00:51.623695 DCon11   Finished saving settings file "/home/thefire888/.config/VirtualBox/VirtualBox.xml"
00:00:52.931123 DCon11   Launched VM: 3959449904 pid: 8101 (0x1fa5) frontend: GUI/Qt name: Treino ArchLinux
00:00:52.978056 DCon02   ERROR [COM]: aRC=VBOX_E_OBJECT_NOT_FOUND (0x80bb0001) aIID={5bfd8965-b81b-469f-8649-f717ce97a5d5} aComponent={NvramStoreWrap} aText={The UEFI NVRAM file is not existing for this machine}, preserve=false aResultDetail=0
00:00:53.000620 DCon02   ERROR [COM]: aRC=VBOX_E_INVALID_VM_STATE (0x80bb0002) aIID={e36a5081-a82a-40bd-9e4e-42a44d6ce50f} aComponent={MachineWrap} aText={The machine is not mutable, saved or running (state is PoweredOff)}, preserve=false aResultDetail=0
00:00:53.052842 DCon02   WARNING [COM]: aRC=NS_ERROR_FAILURE (0x80004005) aIID={d5dcece0-b202-4416-a138-03502784cc07} aComponent={HostWrap} aText={VirtualBox is not currently allowed to access USB devices.  You can change this by adding your user to the 'vboxusers' group.  Please see the user manual for a more detailed explanation}, preserve=true aResultDetail=0
00:00:53.053766 DCon02   WARNING [COM]: aRC=NS_ERROR_FAILURE (0x80004005) aIID={d5dcece0-b202-4416-a138-03502784cc07} aComponent={HostWrap} aText={VirtualBox is not currently allowed to access USB devices.  You can change this by adding your user to the 'vboxusers' group.  Please see the user manual for a more detailed explanation}, preserve=true aResultDetail=0
00:00:53.173065 DCon15   Platform architecture set to 'x86'
00:00:53.194115 DCon20   ERROR [COM]: aRC=VBOX_E_OBJECT_NOT_FOUND (0x80bb0001) aIID={5bfd8965-b81b-469f-8649-f717ce97a5d5} aComponent={NvramStoreWrap} aText={The UEFI NVRAM file is not existing for this machine}, preserve=false aResultDetail=0
00:00:53.197183 DCon18   ERROR [COM]: aRC=VBOX_E_INVALID_VM_STATE (0x80bb0002) aIID={e36a5081-a82a-40bd-9e4e-42a44d6ce50f} aComponent={MachineWrap} aText={The machine is not mutable, saved or running (state is PoweredOff)}, preserve=false aResultDetail=0
00:00:53.206557 DCon18   WARNING [COM]: aRC=NS_ERROR_FAILURE (0x80004005) aIID={d5dcece0-b202-4416-a138-03502784cc07} aComponent={HostWrap} aText={VirtualBox is not currently allowed to access USB devices.  You can change this by adding your user to the 'vboxusers' group.  Please see the user manual for a more detailed explanation}, preserve=true aResultDetail=0
00:00:53.207498 DCon18   WARNING [COM]: aRC=NS_ERROR_FAILURE (0x80004005) aIID={d5dcece0-b202-4416-a138-03502784cc07} aComponent={HostWrap} aText={VirtualBox is not currently allowed to access USB devices.  You can change this by adding your user to the 'vboxusers' group.  Please see the user manual for a more detailed explanation}, preserve=true aResultDetail=0
00:00:53.626669 DCon22   WARNING [COM]: aRC=NS_ERROR_FAILURE (0x80004005) aIID={d5dcece0-b202-4416-a138-03502784cc07} aComponent={HostWrap} aText={VirtualBox is not currently allowed to access USB devices.  You can change this by adding your user to the 'vboxusers' group.  Please see the user manual for a more detailed explanation}, preserve=true aResultDetail=0
00:00:53.627461 DCon22   WARNING [COM]: aRC=NS_ERROR_FAILURE (0x80004005) aIID={d5dcece0-b202-4416-a138-03502784cc07} aComponent={HostWrap} aText={VirtualBox is not currently allowed to access USB devices.  You can change this by adding your user to the 'vboxusers' group.  Please see the user manual for a more detailed explanation}, preserve=true aResultDetail=0
00:00:53.627705 DCon22   ERROR [COM]: aRC=VBOX_E_OBJECT_NOT_FOUND (0x80bb0001) aIID={70401eef-c8e9-466b-9660-45cb3e9979e4} aComponent={ExtPackManagerWrap} aText={No extension pack by the name 'Oracle VirtualBox Extension Pack' was found}, preserve=false aResultDetail=0
00:00:57.269904 DCon07   NetIfAdpCtlOut: VBoxNetAdpCtl: Error while retrieving link speed for wlan0: VBoxNetAdpCtl: ioctl failed: Operation not supported
00:00:57.275530 DCon07   WARNING [COM]: aRC=NS_ERROR_FAILURE (0x80004005) aIID={d5dcece0-b202-4416-a138-03502784cc07} aComponent={HostWrap} aText={VirtualBox is not currently allowed to access USB devices.  You can change this by adding your user to the 'vboxusers' group.  Please see the user manual for a more detailed explanation}, preserve=false aResultDetail=0
00:00:57.276160 DCon07   WARNING [COM]: aRC=NS_ERROR_FAILURE (0x80004005) aIID={d5dcece0-b202-4416-a138-03502784cc07} aComponent={HostWrap} aText={VirtualBox is not currently allowed to access USB devices.  You can change this by adding your user to the 'vboxusers' group.  Please see the user manual for a more detailed explanation}, preserve=true aResultDetail=0
00:00:57.276324 DCon07   WARNING [COM]: aRC=NS_ERROR_FAILURE (0x80004005) aIID={d5dcece0-b202-4416-a138-03502784cc07} aComponent={HostWrap} aText={VirtualBox is not currently allowed to access USB devices.  You can change this by adding your user to the 'vboxusers' group.  Please see the user manual for a more detailed explanation}, preserve=true aResultDetail=0
00:00:57.336867 DCon18   WARNING [COM]: aRC=NS_ERROR_FAILURE (0x80004005) aIID={d5dcece0-b202-4416-a138-03502784cc07} aComponent={HostWrap} aText={VirtualBox is not currently allowed to access USB devices.  You can change this by adding your user to the 'vboxusers' group.  Please see the user manual for a more detailed explanation}, preserve=true aResultDetail=0
00:00:57.357236 DCon18   WARNING [COM]: aRC=NS_ERROR_FAILURE (0x80004005) aIID={d5dcece0-b202-4416-a138-03502784cc07} aComponent={HostWrap} aText={VirtualBox is not currently allowed to access USB devices.  You can change this by adding your user to the 'vboxusers' group.  Please see the user manual for a more detailed explanation}, preserve=true aResultDetail=0
00:00:57.419587 DCon07   ERROR [COM]: aRC=VBOX_E_OBJECT_NOT_FOUND (0x80bb0001) aIID={5bfd8965-b81b-469f-8649-f717ce97a5d5} aComponent={NvramStoreWrap} aText={The UEFI NVRAM file is not existing for this machine}, preserve=false aResultDetail=0
00:00:57.427511 DCon07   Saving settings file "/home/thefire888/.config/VirtualBox/VirtualBox.xml" with version "1.12-linux"
00:00:57.434054 DCon07   Finished saving settings file "/home/thefire888/.config/VirtualBox/VirtualBox.xml"
00:00:57.446928 DCon07   ERROR [COM]: aRC=VBOX_E_INVALID_VM_STATE (0x80bb0002) aIID={e36a5081-a82a-40bd-9e4e-42a44d6ce50f} aComponent={MachineWrap} aText={The machine is not mutable, saved or running (state is Starting)}, preserve=false aResultDetail=0
00:00:57.477740 DCon07   WARNING [COM]: aRC=NS_ERROR_FAILURE (0x80004005) aIID={d5dcece0-b202-4416-a138-03502784cc07} aComponent={HostWrap} aText={VirtualBox is not currently allowed to access USB devices.  You can change this by adding your user to the 'vboxusers' group.  Please see the user manual for a more detailed explanation}, preserve=true aResultDetail=0
00:00:57.478838 DCon07   WARNING [COM]: aRC=NS_ERROR_FAILURE (0x80004005) aIID={d5dcece0-b202-4416-a138-03502784cc07} aComponent={HostWrap} aText={VirtualBox is not currently allowed to access USB devices.  You can change this by adding your user to the 'vboxusers' group.  Please see the user manual for a more detailed explanation}, preserve=true aResultDetail=0
00:00:57.566742 DCon07   ERROR [COM]: aRC=VBOX_E_OBJECT_NOT_FOUND (0x80bb0001) aIID={7d510820-a678-4730-a862-818dcd3fbed0} aComponent={MediumWrap} aText={Property 'CRYPT/KeyId' does not exist}, preserve=false aResultDetail=0
00:00:57.567924 DCon07   ERROR [COM]: aRC=VBOX_E_OBJECT_NOT_FOUND (0x80bb0001) aIID={7d510820-a678-4730-a862-818dcd3fbed0} aComponent={MediumWrap} aText={Property 'CRYPT/KeyId' does not exist}, preserve=false aResultDetail=0
00:00:57.569083 DCon07   HostDnsMonitorProxy::GetDomainName: semfio.usp.br
00:00:57.569166 DCon07   HostDnsMonitorProxy::GetNameServers:
00:00:57.569170 DCon07     name server 1: 143.107.253.3
00:00:57.569209 DCon07     name server 2: 200.144.249.204
00:00:57.569287 DCon07   HostDnsMonitorProxy::GetSearchStrings:
00:00:57.569289 DCon07     search string 1: semfio.usp.br
00:00:57.601216 DCon20   WARNING [COM]: aRC=NS_ERROR_FAILURE (0x80004005) aIID={d5dcece0-b202-4416-a138-03502784cc07} aComponent={HostWrap} aText={VirtualBox is not currently allowed to access USB devices.  You can change this by adding your user to the 'vboxusers' group.  Please see the user manual for a more detailed explanation}, preserve=true aResultDetail=0
00:00:57.624316 DCon20   ERROR [COM]: aRC=VBOX_E_OBJECT_NOT_FOUND (0x80bb0001) aIID={5bfd8965-b81b-469f-8649-f717ce97a5d5} aComponent={NvramStoreWrap} aText={The UEFI NVRAM file is not existing for this machine}, preserve=false aResultDetail=0
00:00:57.638768 DCon20   ERROR [COM]: aRC=VBOX_E_INVALID_VM_STATE (0x80bb0002) aIID={e36a5081-a82a-40bd-9e4e-42a44d6ce50f} aComponent={MachineWrap} aText={The machine is not mutable, saved or running (state is Running)}, preserve=false aResultDetail=0
00:00:57.666025 DCon20   WARNING [COM]: aRC=NS_ERROR_FAILURE (0x80004005) aIID={d5dcece0-b202-4416-a138-03502784cc07} aComponent={HostWrap} aText={VirtualBox is not currently allowed to access USB devices.  You can change this by adding your user to the 'vboxusers' group.  Please see the user manual for a more detailed explanation}, preserve=true aResultDetail=0
00:00:57.667604 DCon20   WARNING [COM]: aRC=NS_ERROR_FAILURE (0x80004005) aIID={d5dcece0-b202-4416-a138-03502784cc07} aComponent={HostWrap} aText={VirtualBox is not currently allowed to access USB devices.  You can change this by adding your user to the 'vboxusers' group.  Please see the user manual for a more detailed explanation}, preserve=true aResultDetail=0
00:02:47.196542 DCon07   Saving settings file "/home/thefire888/.config/VirtualBox/VirtualBox.xml" with version "1.12-linux"
00:02:47.202923 DCon07   Finished saving settings file "/home/thefire888/.config/VirtualBox/VirtualBox.xml"
00:02:48.296112 DCon07   Saving settings file "/home/thefire888/.config/VirtualBox/VirtualBox.xml" with version "1.12-linux"
00:02:48.301948 DCon07   Finished saving settings file "/home/thefire888/.config/VirtualBox/VirtualBox.xml"
00:02:59.803845 DCon11   Saving settings file "/home/thefire888/.config/VirtualBox/VirtualBox.xml" with version "1.12-linux"
00:02:59.810095 DCon11   Finished saving settings file "/home/thefire888/.config/VirtualBox/VirtualBox.xml"
00:03:00.897058 DCon22   Saving settings file "/home/thefire888/.config/VirtualBox/VirtualBox.xml" with version "1.12-linux"
00:03:00.903513 DCon22   Finished saving settings file "/home/thefire888/.config/VirtualBox/VirtualBox.xml"
00:03:12.455534 DCon18   Saving settings file "/home/thefire888/VirtualBox VMs/Treino ArchLinux/Treino ArchLinux.vbox" with version "1.19-linux"
00:03:12.465397 DCon18   Finished saving settings file "/home/thefire888/VirtualBox VMs/Treino ArchLinux/Treino ArchLinux.vbox"
00:03:12.466675 DCon14   ERROR [COM]: aRC=NS_ERROR_INVALID_ARG (0x80070057) aIID={e36a5081-a82a-40bd-9e4e-42a44d6ce50f} aComponent={SessionMachine} aText={Properties with TRANSIENT or TRANSRESET flag cannot be set or modified if VM is not running}, preserve=false aResultDetail=0
00:03:12.909196 DCon14   WARNING [COM]: aRC=NS_ERROR_FAILURE (0x80004005) aIID={d5dcece0-b202-4416-a138-03502784cc07} aComponent={HostWrap} aText={VirtualBox is not currently allowed to access USB devices.  You can change this by adding your user to the 'vboxusers' group.  Please see the user manual for a more detailed explanation}, preserve=true aResultDetail=0
00:03:12.959962 DCon11   WARNING [COM]: aRC=NS_ERROR_FAILURE (0x80004005) aIID={d5dcece0-b202-4416-a138-03502784cc07} aComponent={HostWrap} aText={VirtualBox is not currently allowed to access USB devices.  You can change this by adding your user to the 'vboxusers' group.  Please see the user manual for a more detailed explanation}, preserve=true aResultDetail=0
00:03:12.969898 DCon14   ERROR [COM]: aRC=VBOX_E_OBJECT_NOT_FOUND (0x80bb0001) aIID={5bfd8965-b81b-469f-8649-f717ce97a5d5} aComponent={NvramStoreWrap} aText={The UEFI NVRAM file is not existing for this machine}, preserve=false aResultDetail=0
00:03:12.972358 DCon14   ERROR [COM]: aRC=VBOX_E_INVALID_VM_STATE (0x80bb0002) aIID={e36a5081-a82a-40bd-9e4e-42a44d6ce50f} aComponent={MachineWrap} aText={The machine is not mutable, saved or running (state is PoweredOff)}, preserve=false aResultDetail=0
00:03:12.979568 DCon14   WARNING [COM]: aRC=NS_ERROR_FAILURE (0x80004005) aIID={d5dcece0-b202-4416-a138-03502784cc07} aComponent={HostWrap} aText={VirtualBox is not currently allowed to access USB devices.  You can change this by adding your user to the 'vboxusers' group.  Please see the user manual for a more detailed explanation}, preserve=true aResultDetail=0
00:03:12.980383 DCon14   WARNING [COM]: aRC=NS_ERROR_FAILURE (0x80004005) aIID={d5dcece0-b202-4416-a138-03502784cc07} aComponent={HostWrap} aText={VirtualBox is not currently allowed to access USB devices.  You can change this by adding your user to the 'vboxusers' group.  Please see the user manual for a more detailed explanation}, preserve=true aResultDetail=0
00:03:13.197158 DCon14   Saving settings file "/home/thefire888/.config/VirtualBox/VirtualBox.xml" with version "1.12-linux"
00:03:13.205121 DCon14   Finished saving settings file "/home/thefire888/.config/VirtualBox/VirtualBox.xml"
00:03:13.493373 DCon14   ERROR [COM]: aRC=VBOX_E_OBJECT_NOT_FOUND (0x80bb0001) aIID={5bfd8965-b81b-469f-8649-f717ce97a5d5} aComponent={NvramStoreWrap} aText={The UEFI NVRAM file is not existing for this machine}, preserve=false aResultDetail=0
00:03:13.510106 DCon07   ERROR [COM]: aRC=VBOX_E_INVALID_VM_STATE (0x80bb0002) aIID={e36a5081-a82a-40bd-9e4e-42a44d6ce50f} aComponent={MachineWrap} aText={The machine is not mutable, saved or running (state is PoweredOff)}, preserve=false aResultDetail=0
00:03:13.552398 DCon07   WARNING [COM]: aRC=NS_ERROR_FAILURE (0x80004005) aIID={d5dcece0-b202-4416-a138-03502784cc07} aComponent={HostWrap} aText={VirtualBox is not currently allowed to access USB devices.  You can change this by adding your user to the 'vboxusers' group.  Please see the user manual for a more detailed explanation}, preserve=true aResultDetail=0
00:03:13.554307 DCon07   WARNING [COM]: aRC=NS_ERROR_FAILURE (0x80004005) aIID={d5dcece0-b202-4416-a138-03502784cc07} aComponent={HostWrap} aText={VirtualBox is not currently allowed to access USB devices.  You can change this by adding your user to the 'vboxusers' group.  Please see the user manual for a more detailed explanation}, preserve=true aResultDetail=0
00:03:13.688233 DCon07   Saving settings file "/home/thefire888/.config/VirtualBox/VirtualBox.xml" with version "1.12-linux"
00:03:13.695090 DCon07   Finished saving settings file "/home/thefire888/.config/VirtualBox/VirtualBox.xml"
00:03:21.211618 main     VirtualBox: object deletion starts
00:03:21.211733 main     ERROR [COM]: aRC=VBOX_E_OBJECT_IN_USE (0x80bb000c) aIID={7d510820-a678-4730-a862-818dcd3fbed0} aComponent={MediumWrap} aText={Medium '/home/thefire888/VirtualBox VMs/Treino ArchLinux/Treino ArchLinux.vdi' cannot be closed because it is still attached to 1 virtual machines}, preserve=false aResultDetail=0
00:03:21.212945 main     HostDnsMonitor: shutting down ...
00:03:21.213846 main     HostDnsMonitor: shut down
00:03:21.224894 Watcher  ERROR [COM]: aRC=E_ACCESSDENIED (0x80070005) aIID={d644ad1e-c501-4fc7-9ab6-aa6d763bc540} aComponent={VirtualBoxWrap} aText={The object is not ready}, preserve=false aResultDetail=0
00:03:21.224999 main     VirtualBox: object deleted
