Mono path[0] = '/home/thefire888/.local/share/Steam/steamapps/common/OxygenNotIncluded/OxygenNotIncluded_Data/Managed'
Mono config path = '/home/thefire888/.local/share/Steam/steamapps/common/OxygenNotIncluded/OxygenNotIncluded_Data/MonoBleedingEdge/etc'
Preloaded 'cimgui.so'
Preloaded 'libSimDLL.so'
Preloaded 'libfmodstudio.so'
Preloaded 'libresonanceaudio.so'
Preloaded 'libsdkencryptedappticket.so'
Preloaded 'libsteam_api.so'
Display 0 'eDP-1 15"': 1920x1080 (primary device).
[PhysX] Initialized MultithreadedTaskDispatcher with 16 workers.
Desktop is 1920 x 1080 @ 60 Hz
Initialize engine version: 2022.3.45f1 (a13dfa44d684)
[Subsystems] Discovering subsystems at path /home/thefire888/.local/share/Steam/steamapps/common/OxygenNotIncluded/OxygenNotIncluded_Data/UnitySubsystems
GfxDevice: creating device client; threaded=1; jobified=1
Renderer: AMD Radeon Graphics (radeonsi, renoir, LLVM 18.1.8, DRM 3.59, 6.12.1-arch1-1)
Vendor:   AMD
Version:  4.6 (Core Profile) Mesa 24.2.7-arch1.1
GLES:     0
 GL_AMD_conservative_depth GL_AMD_depth_clamp_separate GL_AMD_draw_buffers_blend GL_AMD_framebuffer_multisample_advanced GL_AMD_gpu_shader_int64 GL_AMD_multi_draw_indirect GL_AMD_performance_monitor GL_AMD_pinned_memory GL_AMD_query_buffer_object GL_AMD_seamless_cubemap_per_texture GL_AMD_shader_stencil_export GL_AMD_shader_trinary_minmax GL_AMD_texture_texture4 GL_AMD_vertex_shader_layer GL_AMD_vertex_shader_viewport_index GL_ANGLE_texture_compression_dxt3 GL_ANGLE_texture_compression_dxt5 GL_ARB_ES2_compatibility GL_ARB_ES3_1_compatibility GL_ARB_ES3_2_compatibility GL_ARB_ES3_compatibility GL_ARB_arrays_of_arrays GL_ARB_base_instance GL_ARB_bindless_texture GL_ARB_blend_func_extended GL_ARB_buffer_storage GL_ARB_clear_buffer_object GL_ARB_clear_texture GL_ARB_clip_control GL_ARB_color_buffer_float GL_ARB_compressed_texture_pixel_storage GL_ARB_compute_shader GL_ARB_compute_variable_group_size GL_ARB_conditional_render_inverted GL_ARB_conservative_depth GL_ARB_copy_buffer GL_ARB_copy_image GL_ARB_cull_dist
ance GL_ARB_debug_output GL_ARB_depth_buffer_float GL_ARB_depth_clamp GL_ARB_derivative_control GL_ARB_direct_state_access GL_ARB_draw_buffers GL_ARB_draw_buffers_blend GL_ARB_draw_elements_base_vertex GL_ARB_draw_indirect GL_ARB_draw_instanced GL_ARB_enhanced_layouts GL_ARB_explicit_attrib_location GL_ARB_explicit_uniform_location GL_ARB_fragment_coord_conventions GL_ARB_fragment_layer_viewport GL_ARB_fragment_shader GL_ARB_framebuffer_no_attachments GL_ARB_framebuffer_object GL_ARB_framebuffer_sRGB GL_ARB_get_program_binary GL_ARB_get_texture_sub_image GL_ARB_gl_spirv GL_ARB_gpu_shader5 GL_ARB_gpu_shader_fp64 GL_ARB_gpu_shader_int64 GL_ARB_half_float_pixel GL_ARB_half_float_vertex GL_ARB_indirect_parameters GL_ARB_instanced_arrays GL_ARB_internalformat_query GL_ARB_internalformat_query2 GL_ARB_invalidate_subdata GL_ARB_map_buffer_alignment GL_ARB_map_buffer_range GL_ARB_multi_bind GL_ARB_multi_draw_indirect GL_ARB_occlusion_query2 GL_ARB_parallel_shader_compile GL_ARB_pipeline_statistics_query GL_ARB_pixel
_buffer_object GL_ARB_point_sprite GL_ARB_polygon_offset_clamp GL_ARB_program_interface_query GL_ARB_provoking_vertex GL_ARB_query_buffer_object GL_ARB_robust_buffer_access_behavior GL_ARB_robustness GL_ARB_sample_shading GL_ARB_sampler_objects GL_ARB_seamless_cube_map GL_ARB_seamless_cubemap_per_texture GL_ARB_separate_shader_objects GL_ARB_shader_atomic_counter_ops GL_ARB_shader_atomic_counters GL_ARB_shader_ballot GL_ARB_shader_bit_encoding GL_ARB_shader_clock GL_ARB_shader_draw_parameters GL_ARB_shader_group_vote GL_ARB_shader_image_load_store GL_ARB_shader_image_size GL_ARB_shader_objects GL_ARB_shader_precision GL_ARB_shader_stencil_export GL_ARB_shader_storage_buffer_object GL_ARB_shader_subroutine GL_ARB_shader_texture_image_samples GL_ARB_shader_texture_lod GL_ARB_shader_viewport_layer_array GL_ARB_shading_language_420pack GL_ARB_shading_language_include GL_ARB_shading_language_packing GL_ARB_sparse_buffer GL_ARB_sparse_texture GL_ARB_sparse_texture2 GL_ARB_sparse_texture_clamp GL_ARB_spirv_extensio
ns GL_ARB_stencil_texturing GL_ARB_sync GL_ARB_tessellation_shader GL_ARB_texture_barrier GL_ARB_texture_border_clamp GL_ARB_texture_buffer_object GL_ARB_texture_buffer_object_rgb32 GL_ARB_texture_buffer_range GL_ARB_texture_compression_bptc GL_ARB_texture_compression_rgtc GL_ARB_texture_cube_map_array GL_ARB_texture_filter_anisotropic GL_ARB_texture_filter_minmax GL_ARB_texture_float GL_ARB_texture_gather GL_ARB_texture_mirror_clamp_to_edge GL_ARB_texture_multisample GL_ARB_texture_non_power_of_two GL_ARB_texture_query_levels GL_ARB_texture_query_lod GL_ARB_texture_rectangle GL_ARB_texture_rg GL_ARB_texture_rgb10_a2ui GL_ARB_texture_stencil8 GL_ARB_texture_storage GL_ARB_texture_storage_multisample GL_ARB_texture_swizzle GL_ARB_texture_view GL_ARB_timer_query GL_ARB_transform_feedback2 GL_ARB_transform_feedback3 GL_ARB_transform_feedback_instanced GL_ARB_transform_feedback_overflow_query GL_ARB_uniform_buffer_object GL_ARB_vertex_array_bgra GL_ARB_vertex_array_object GL_ARB_vertex_attrib_64bit GL_ARB_vertex
_attrib_binding GL_ARB_vertex_buffer_object GL_ARB_vertex_shader GL_ARB_vertex_type_10f_11f_11f_rev GL_ARB_vertex_type_2_10_10_10_rev GL_ARB_viewport_array GL_ATI_blend_equation_separate GL_ATI_meminfo GL_ATI_texture_float GL_ATI_texture_mirror_once GL_EXT_EGL_image_storage GL_EXT_EGL_image_storage_compression GL_EXT_EGL_sync GL_EXT_abgr GL_EXT_blend_equation_separate GL_EXT_debug_label GL_EXT_demote_to_helper_invocation GL_EXT_depth_bounds_test GL_EXT_draw_buffers2 GL_EXT_draw_instanced GL_EXT_framebuffer_blit GL_EXT_framebuffer_multisample GL_EXT_framebuffer_multisample_blit_scaled GL_EXT_framebuffer_object GL_EXT_framebuffer_sRGB GL_EXT_memory_object GL_EXT_memory_object_fd GL_EXT_packed_depth_stencil GL_EXT_packed_float GL_EXT_pixel_buffer_object GL_EXT_polygon_offset_clamp GL_EXT_provoking_vertex GL_EXT_semaphore GL_EXT_semaphore_fd GL_EXT_shader_image_load_formatted GL_EXT_shader_image_load_store GL_EXT_shader_integer_mix GL_EXT_shader_samples_identical GL_EXT_texture_array GL_EXT_texture_compression_d
xt1 GL_EXT_texture_compression_rgtc GL_EXT_texture_compression_s3tc GL_EXT_texture_filter_anisotropic GL_EXT_texture_filter_minmax GL_EXT_texture_integer GL_EXT_texture_mirror_clamp GL_EXT_texture_sRGB GL_EXT_texture_sRGB_R8 GL_EXT_texture_sRGB_decode GL_EXT_texture_shadow_lod GL_EXT_texture_shared_exponent GL_EXT_texture_snorm GL_EXT_texture_storage GL_EXT_texture_swizzle GL_EXT_timer_query GL_EXT_transform_feedback GL_EXT_vertex_array_bgra GL_EXT_vertex_attrib_64bit GL_EXT_window_rectangles GL_IBM_multimode_draw_arrays GL_INTEL_blackhole_render GL_KHR_blend_equation_advanced GL_KHR_context_flush_control GL_KHR_debug GL_KHR_no_error GL_KHR_parallel_shader_compile GL_KHR_robust_buffer_access_behavior GL_KHR_robustness GL_KHR_texture_compression_astc_ldr GL_KHR_texture_compression_astc_sliced_3d GL_MESA_framebuffer_flip_y GL_MESA_pack_invert GL_MESA_shader_integer_functions GL_MESA_texture_const_bandwidth GL_MESA_texture_signed_rgba GL_NVX_gpu_memory_info GL_NV_alpha_to_coverage_dither_control GL_NV_compute_s
hader_derivatives GL_NV_conditional_render GL_NV_copy_image GL_NV_depth_clamp GL_NV_packed_depth_stencil GL_NV_shader_atomic_int64 GL_NV_texture_barrier GL_NV_vdpau_interop GL_OES_EGL_image GL_S3_s3tc
OPENGL LOG: Creating OpenGL 4.6 graphics device ; Context level  <OpenGL 4.5> ; Context handle 457263312
Begin MonoManager ReloadAssembly
- Loaded All Assemblies, in  0.116 seconds
- Finished resetting the current domain, in  0.001 seconds
Default vsync count 1
requesting resize 1920 x 1080
Using native desktop resolution 1920 x 1080
requesting fullscreen 1920 x 1080 at 0/1 Hz
Desktop is 1920 x 1080 @ 60 Hz
[PhysX] Initialized MultithreadedTaskDispatcher with 16 workers.
UnloadTime: 2.788902 ms
[14:47:45.583] [1] [INFO] KProfiler: Start
[14:47:45.743] [1] [INFO] Applying resolution 1920x1080 @1hz (fullscreen: MaximizedWindow)
[14:47:45.744] [1] [INFO] Low Res Textures? No
[14:47:45.758] [1] [INFO] Date: 12/04/2024 11:47:45
[14:47:45.759] [1] [INFO] Build: ??-644960-? (release)
[14:47:45.761] [1] [INFO] Creating SteamManager.
[S_API] SteamAPI_Init(): Loaded '/home/thefire888/.local/share/Steam/linux64/steamclient.so' OK.
Setting breakpad minidump AppID = 457140
SteamInternal_SetMinidumpSteamID:  Caching Steam ID:  76561199802931281 [API loaded no]
[14:47:45.889] [1] [INFO] DistributionPlatform initialized.
[14:47:45.889] [1] [INFO] -----------------------------------------------------------
[14:47:45.894] [1] [INFO] Build: U53-644960-V (release)
[14:47:45.894] [1] [INFO] -----------------------------------------------------------
[14:47:45.894] [1] [INFO] DLC Information
[14:47:45.899] [1] [INFO] -----------------------------------------------------------
The referenced script on this Behaviour (Game Object '<null>') is missing!
SYSTEM INFO:
    Platform=LinuxPlayer
    OSname=Linux 6.12 Steam Runtime 2 64bit
    OSversion=6.12.1.1
    CPUmodel=PC
    CPUdeviceType=Desktop
    ProcBits=64
    CPUcount=16
    CPUtype=AMD Ryzen 7 5700U with Radeon Graphics
    SystemMemoryMegs=7283
    GPUgraphicsDeviceID=0
    GPUname=AMD Radeon Graphics (radeonsi, renoir, LLVM 18.1.8, DRM 3.59, 6.12.1-arch1-1)
    GPUgraphicsDeviceType=OpenGLCore
    GPUgraphicsDeviceVendor=AMD
    GPUgraphicsDeviceVendorID=0
    GPUgraphicsDeviceVersion=OpenGL 4.6 (Core Profile) Mesa 24.2.7-arch1.1
    GPUmemoryMegs=128
    GPUgraphicsMultiThreaded=False
    GPUgraphicsShaderLevel=50
    GPUmaxTextureSize=16384
    GPUnpotSupport=Full
    GPUsupportedRenderTargetCount=8
    GPUsupports2DArrayTextures=True
    GPUsupports3DTextures=True
    GPUsupportsComputeShaders=True
    GPUsupportsImageEffects=True
    GPUsupportsInstancing=True
    GPUsupportsRenderToCubemap=True
    GPUsupportsShadows=True
    GPUsupportsSparseTextures=True
    GPUcopyTextureSupport=Basic, Copy3D, DifferentTypes, TextureToRT, RTToTexture
    System Language=English
[14:47:47.362] [1] [INFO] Initializing at 2024-12-04 14:47:47.362
[14:47:47.362] [1] [INFO] Save path: /home/thefire888/.config/unity3d/Klei/Oxygen Not Included
[14:47:48.030] [1] [INFO] Using builtin mod system.
[14:47:48.081] [1] [INFO] Localization.Initialize!
[14:47:48.086] [1] [INFO] Logged into Steam with ID:76561199802931281, NAME:luanric888
[14:47:48.086] [1] [INFO] [Account] Requesting auth ticket from Steam
[14:47:49.135] [7] [INFO] World settings reload complete!
[14:47:49.212] [5] [INFO] [Account] Got login for user KU_QFsp3hmo
Unloading 5 Unused Serialized files (Serialized files now loaded: 0)
requesting resize 1920 x 1080
Using native desktop resolution 1920 x 1080
requesting fullscreen 1920 x 1080 at 1/1 Hz
Desktop is 1920 x 1080 @ 60 Hz
Unloading 4671 unused Assets to reduce memory usage. Loaded Objects now: 59536.
Total: 88.808874 ms (FindLiveObjects: 4.477830 ms CreateObjectMapping: 3.951233 ms MarkObjects: 76.582157 ms  DeleteObjects: 3.796973 ms)

Unloading 2 Unused Serialized files (Serialized files now loaded: 0)
[PhysX] Initialized MultithreadedTaskDispatcher with 16 workers.
UnloadTime: 3.878466 ms
Unloading 1 unused Assets to reduce memory usage. Loaded Objects now: 63503.
Total: 85.008755 ms (FindLiveObjects: 4.545888 ms CreateObjectMapping: 3.031929 ms MarkObjects: 76.967168 ms  DeleteObjects: 0.462819 ms)

[14:47:56.506] [1] [INFO] -- MAIN MENU -- 
[14:47:56.630] [1] [INFO] Checking which steam branch we're on. Got: []
[14:47:56.696] [1] [INFO] Screen resolution updated, saving values to prefs: 1920x1080 @ 60, fullscreen: MaximizedWindow



[14:48:35.326] [35] [INFO] WORLDGEN START
[14:48:35.326] [35] [INFO]  - seed:     SNDST-A-650081491-0-D3-0
[14:48:35.326] [35] [INFO]  - cluster:  clusters/SandstoneDefault
[14:48:35.326] [35] [INFO]  - storytraits:
[14:48:35.326] [35] [INFO]     - storytraits/MegaBrainTank
[14:48:35.326] [35] [INFO]     - storytraits/CritterManipulator
[14:48:35.326] [35] [INFO]     - storytraits/LonelyMinion
[14:48:35.326] [35] [INFO]     - storytraits/FossilHunt
[14:48:35.326] [35] [INFO]     - storytraits/MorbRoverMaker
[14:48:35.328] [35] [INFO] -----------------------------------------------------------
[14:48:35.328] [35] [INFO] Generating world: worlds/SandstoneDefault
[14:48:41.005] [35] [INFO] Applied story trait 'storytraits/MegaBrainTank'
[14:48:41.088] [35] [INFO] Applied story trait 'storytraits/CritterManipulator'
[14:48:41.167] [35] [INFO] Applied story trait 'storytraits/LonelyMinion'
[14:48:41.367] [35] [INFO] Applied story trait 'storytraits/FossilHunt'
[14:48:41.524] [35] [INFO] Applied story trait 'storytraits/MorbRoverMaker'
THREAD - started 'SimThread' (126570970732224)
[14:48:49.512] [35] [INFO] -----------------------------------------------------------
[14:48:49.512] [35] [INFO] Placing worlds on cluster map
[14:48:49.715] [35] [INFO] -----------------------------------------------------------
[14:48:49.715] [35] [INFO] WORLDGEN COMPLETE



Unloading 1 Unused Serialized files (Serialized files now loaded: 0)
Unloading 8 unused Assets to reduce memory usage. Loaded Objects now: 63978.
Total: 82.987754 ms (FindLiveObjects: 6.144227 ms CreateObjectMapping: 2.647237 ms MarkObjects: 73.922777 ms  DeleteObjects: 0.273092 ms)

Unloading 5 Unused Serialized files (Serialized files now loaded: 0)
[PhysX] Initialized MultithreadedTaskDispatcher with 16 workers.
UnloadTime: 5.722556 ms
Unloading 106 unused Assets to reduce memory usage. Loaded Objects now: 84839.
Total: 104.735485 ms (FindLiveObjects: 5.844836 ms CreateObjectMapping: 4.643772 ms MarkObjects: 92.242907 ms  DeleteObjects: 2.002667 ms)

[14:48:52.791] [1] [INFO] Attempting to start a new game with current world gen
[14:48:53.278] [1] [INFO] Attempt success
THREAD - started 'SimThread' (126570970732224)
[14:48:53.324] [1] [INFO] 73.16334 Level Loaded.... backend
0:3(12): error: extension `GL_OVR_multiview2' unsupported in vertex shader

Note: Creation of internal variant of shader 'Hidden/InternalErrorShader' failed.
ShaderProgram is unsupported, but because jobified rendering is enabled the ShaderProgram can not be removed.
0:3(12): error: extension `GL_OVR_multiview2' unsupported in vertex shader

Note: Creation of internal variant of shader 'GUI/Text Shader' failed.
ShaderProgram is unsupported, but because jobified rendering is enabled the ShaderProgram can not be removed.
Shader warmup: 71 shaders 289 combinations 0.241s
[14:48:55.005] [1] [WARNING] No name tables provided to generate world name. Using GENERIC
[14:48:55.119] [1] [INFO] -- GAME --
[14:48:55.121] [1] [INFO] [InterfaceTool] Initializing configs with values of DefaultKey: Invalid Configs: 3
[14:48:55.123] [1] [INFO] [InterfaceTool] Pushing config with key: Invalid
[14:48:55.177] [1] [INFO] Timelapse.OnNewDay but worldsToScreenshot is not empty
[14:48:55.360] [1] [INFO] Checking which steam branch we're on. Got: []
[14:48:55.758] [1] [INFO] Screen resolution updated, saving values to prefs: 1920x1080 @ 60, fullscreen: MaximizedWindow
Game.OnApplicationQuit()
Memory Statistics:
[ALLOC_TEMP_TLS] TLS Allocator
  StackAllocators : 
    [ALLOC_TEMP_MAIN]
      Peak usage frame count: [0-1.0 KB]: 615 frames, [1.0 KB-2.0 KB]: 3152 frames, [2.0 KB-4.0 KB]: 1 frames, [8.0 KB-16.0 KB]: 497 frames, [16.0 KB-32.0 KB]: 1499 frames, [32.0 KB-64.0 KB]: 100 frames, [64.0 KB-128.0 KB]: 2 frames, [128.0 KB-256.0 KB]: 2 frames, [0.5 MB-1.0 MB]: 2 frames, [1.0 MB-2.0 MB]: 1 frames, [2.0 MB-4.0 MB]: 2 frames, [4.0 MB-8.0 MB]: 2 frames
      Initial Block Size 4.0 MB
      Current Block Size 8.0 MB
      Peak Allocated Bytes 8.0 MB
      Overflow Count 15
    [ALLOC_TEMP_Loading.AsyncRead]
      Initial Block Size 64.0 KB
      Current Block Size 64.0 KB
      Peak Allocated Bytes 192 B
      Overflow Count 0
    [ALLOC_TEMP_Loading.PreloadManager]
      Initial Block Size 256.0 KB
      Current Block Size 436.0 KB
      Peak Allocated Bytes 337.7 KB
      Overflow Count 102
    [ALLOC_TEMP_Background Job.Worker 8]
      Initial Block Size 32.0 KB
      Current Block Size 32.0 KB
      Peak Allocated Bytes 0 B
      Overflow Count 0
    [ALLOC_TEMP_Job.Worker 6]
      Initial Block Size 256.0 KB
      Current Block Size 256.0 KB
      Peak Allocated Bytes 43.9 KB
      Overflow Count 0
    [ALLOC_TEMP_Job.Worker 0]
      Initial Block Size 256.0 KB
      Current Block Size 256.0 KB
      Peak Allocated Bytes 43.9 KB
      Overflow Count 0
    [ALLOC_TEMP_Background Job.Worker 10]
      Initial Block Size 32.0 KB
      Current Block Size 32.0 KB
      Peak Allocated Bytes 0 B
      Overflow Count 0
    [ALLOC_TEMP_Background Job.Worker 9]
      Initial Block Size 32.0 KB
      Current Block Size 32.0 KB
      Peak Allocated Bytes 0 B
      Overflow Count 0
    [ALLOC_TEMP_Job.Worker 5]
      Initial Block Size 256.0 KB
      Current Block Size 256.0 KB
      Peak Allocated Bytes 43.9 KB
      Overflow Count 0
    [ALLOC_TEMP_Background Job.Worker 14]
      Initial Block Size 32.0 KB
      Current Block Size 32.0 KB
      Peak Allocated Bytes 0 B
      Overflow Count 0
    [ALLOC_TEMP_Background Job.Worker 6]
      Initial Block Size 32.0 KB
      Current Block Size 32.0 KB
      Peak Allocated Bytes 0 B
      Overflow Count 0
    [ALLOC_TEMP_Job.Worker 4]
      Initial Block Size 256.0 KB
      Current Block Size 256.0 KB
      Peak Allocated Bytes 43.9 KB
      Overflow Count 0
    [ALLOC_TEMP_Job.Worker 14]
      Initial Block Size 256.0 KB
      Current Block Size 256.0 KB
      Peak Allocated Bytes 43.9 KB
      Overflow Count 0
    [ALLOC_TEMP_Job.Worker 3]
      Initial Block Size 256.0 KB
      Current Block Size 256.0 KB
      Peak Allocated Bytes 43.9 KB
      Overflow Count 0
    [ALLOC_TEMP_Job.Worker 13]
      Initial Block Size 256.0 KB
      Current Block Size 256.0 KB
      Peak Allocated Bytes 43.9 KB
      Overflow Count 0
    [ALLOC_TEMP_Background Job.Worker 12]
      Initial Block Size 32.0 KB
      Current Block Size 32.0 KB
      Peak Allocated Bytes 0 B
      Overflow Count 0
    [ALLOC_TEMP_EnlightenWorker] x 4
      Initial Block Size 64.0 KB
      Current Block Size 64.0 KB
      Peak Allocated Bytes 0 B
      Overflow Count 0
    [ALLOC_TEMP_Background Job.Worker 15]
      Initial Block Size 32.0 KB
      Current Block Size 32.0 KB
      Peak Allocated Bytes 0 B
      Overflow Count 0
    [ALLOC_TEMP_Background Job.Worker 1]
      Initial Block Size 32.0 KB
      Current Block Size 32.0 KB
      Peak Allocated Bytes 65 B
      Overflow Count 0
    [ALLOC_TEMP_Background Job.Worker 2]
      Initial Block Size 32.0 KB
      Current Block Size 32.0 KB
      Peak Allocated Bytes 0 B
      Overflow Count 0
    [ALLOC_TEMP_Background Job.Worker 7]
      Initial Block Size 32.0 KB
      Current Block Size 32.0 KB
      Peak Allocated Bytes 0 B
      Overflow Count 0
    [ALLOC_TEMP_UnityGfxDeviceWorker]
      Initial Block Size 256.0 KB
      Current Block Size 256.0 KB
      Peak Allocated Bytes 69.0 KB
      Overflow Count 6
    [ALLOC_TEMP_AssetGarbageCollectorHelper] x 15
      Initial Block Size 64.0 KB
      Current Block Size 64.0 KB
      Peak Allocated Bytes 0 B
      Overflow Count 0
    [ALLOC_TEMP_Background Job.Worker 5]
      Initial Block Size 32.0 KB
      Current Block Size 32.0 KB
      Peak Allocated Bytes 0 B
      Overflow Count 0
    [ALLOC_TEMP_Job.Worker 9]
      Initial Block Size 256.0 KB
      Current Block Size 256.0 KB
      Peak Allocated Bytes 43.9 KB
      Overflow Count 0
    [ALLOC_TEMP_Background Job.Worker 13]
      Initial Block Size 32.0 KB
      Current Block Size 32.0 KB
      Peak Allocated Bytes 0 B
      Overflow Count 0
    [ALLOC_TEMP_Job.Worker 8]
      Initial Block Size 256.0 KB
      Current Block Size 256.0 KB
      Peak Allocated Bytes 43.9 KB
      Overflow Count 0
    [ALLOC_TEMP_Job.Worker 7]
      Initial Block Size 256.0 KB
      Current Block Size 256.0 KB
      Peak Allocated Bytes 43.9 KB
      Overflow Count 0
    [ALLOC_TEMP_Job.Worker 1]
      Initial Block Size 256.0 KB
      Current Block Size 256.0 KB
      Peak Allocated Bytes 43.9 KB
      Overflow Count 0
    [ALLOC_TEMP_Job.Worker 2]
      Initial Block Size 256.0 KB
      Current Block Size 256.0 KB
      Peak Allocated Bytes 43.9 KB
      Overflow Count 0
    [ALLOC_TEMP_Background Job.Worker 3]
      Initial Block Size 32.0 KB
      Current Block Size 32.0 KB
      Peak Allocated Bytes 0 B
      Overflow Count 0
    [ALLOC_TEMP_Background Job.Worker 11]
      Initial Block Size 32.0 KB
      Current Block Size 32.0 KB
      Peak Allocated Bytes 0 B
      Overflow Count 0
    [ALLOC_TEMP_Job.Worker 10]
      Initial Block Size 256.0 KB
      Current Block Size 256.0 KB
      Peak Allocated Bytes 59.4 KB
      Overflow Count 0
    [ALLOC_TEMP_Background Job.Worker 0]
      Initial Block Size 32.0 KB
      Current Block Size 32.0 KB
      Peak Allocated Bytes 0 B
      Overflow Count 0
    [ALLOC_TEMP_Job.Worker 11]
      Initial Block Size 256.0 KB
      Current Block Size 256.0 KB
      Peak Allocated Bytes 43.9 KB
      Overflow Count 0
    [ALLOC_TEMP_Job.Worker 12]
      Initial Block Size 256.0 KB
      Current Block Size 256.0 KB
      Peak Allocated Bytes 43.9 KB
      Overflow Count 0
    [ALLOC_TEMP_Background Job.Worker 4]
      Initial Block Size 32.0 KB
      Current Block Size 32.0 KB
      Peak Allocated Bytes 0 B
      Overflow Count 0
    [ALLOC_TEMP_BatchDeleteObjects]
      Initial Block Size 64.0 KB
      Current Block Size 64.0 KB
      Peak Allocated Bytes 0 B
      Overflow Count 0
[ALLOC_DEFAULT] Dual Thread Allocator
  Peak main deferred allocation count 15788
    [ALLOC_BUCKET]
      Large Block size 4.0 MB
      Used Block count 1
      Peak Allocated bytes 4.0 MB
      Failed Allocations. Bucket layout:
        16B: 6 Subsections = 6144 buckets. Failed count: 185341
        32B: 26 Subsections = 13312 buckets. Failed count: 48839
        48B: 31 Subsections = 10581 buckets. Failed count: 200248
        64B: 141 Subsections = 36096 buckets. Failed count: 186062
        80B: 37 Subsections = 7577 buckets. Failed count: 15752
        96B: 3 Subsections = 512 buckets. Failed count: 27155
        112B: 2 Subsections = 292 buckets. Failed count: 1091
        128B: 10 Subsections = 1280 buckets. Failed count: 35588
    [ALLOC_DEFAULT_MAIN]
      Peak usage frame count: [16.0 MB-32.0 MB]: 1 frames, [32.0 MB-64.0 MB]: 5874 frames
      Requested Block Size 16.0 MB
      Peak Block count 4
      Peak Allocated memory 59.3 MB
      Peak Large allocation bytes 8.0 MB
    [ALLOC_DEFAULT_THREAD]
      Peak usage frame count: [8.0 MB-16.0 MB]: 2619 frames, [16.0 MB-32.0 MB]: 3252 frames, [32.0 MB-64.0 MB]: 1 frames, [256.0 MB-0.50 GB]: 3 frames
      Requested Block Size 16.0 MB
      Peak Block count 19
      Peak Allocated memory 297.6 MB
      Peak Large allocation bytes 10.7 MB
[ALLOC_TEMP_JOB_1_FRAME]
  Initial Block Size 2.0 MB
  Used Block Count 0
  Overflow Count (too large) 0
  Overflow Count (full) 0
[ALLOC_TEMP_JOB_2_FRAMES]
  Initial Block Size 2.0 MB
  Used Block Count 0
  Overflow Count (too large) 0
  Overflow Count (full) 0
[ALLOC_TEMP_JOB_4_FRAMES (JobTemp)]
  Initial Block Size 2.0 MB
  Used Block Count 1
  Overflow Count (too large) 0
  Overflow Count (full) 0
[ALLOC_TEMP_JOB_ASYNC (Background)]
  Initial Block Size 1.0 MB
  Used Block Count 1
  Overflow Count (too large) 1
  Overflow Count (full) 0
[ALLOC_GFX] Dual Thread Allocator
  Peak main deferred allocation count 79
    [ALLOC_BUCKET]
      Large Block size 4.0 MB
      Used Block count 1
      Peak Allocated bytes 4.0 MB
      Failed Allocations. Bucket layout:
        16B: 6 Subsections = 6144 buckets. Failed count: 185341
        32B: 26 Subsections = 13312 buckets. Failed count: 48839
        48B: 31 Subsections = 10581 buckets. Failed count: 200248
        64B: 141 Subsections = 36096 buckets. Failed count: 186062
        80B: 37 Subsections = 7577 buckets. Failed count: 15752
        96B: 3 Subsections = 512 buckets. Failed count: 27155
        112B: 2 Subsections = 292 buckets. Failed count: 1091
        128B: 10 Subsections = 1280 buckets. Failed count: 35588
    [ALLOC_GFX_MAIN]
      Peak usage frame count: [256.0 KB-0.5 MB]: 1 frames, [4.0 MB-8.0 MB]: 1 frames, [8.0 MB-16.0 MB]: 5 frames, [16.0 MB-32.0 MB]: 2614 frames, [32.0 MB-64.0 MB]: 3253 frames, [128.0 MB-256.0 MB]: 1 frames
      Requested Block Size 16.0 MB
      Peak Block count 4
      Peak Allocated memory 254.5 MB
      Peak Large allocation bytes 249.0 MB
    [ALLOC_GFX_THREAD]
      Peak usage frame count: [64.0 MB-128.0 MB]: 5875 frames
      Requested Block Size 16.0 MB
      Peak Block count 2
      Peak Allocated memory 65.7 MB
      Peak Large allocation bytes 48.0 MB
[ALLOC_CACHEOBJECTS] Dual Thread Allocator
  Peak main deferred allocation count 41
    [ALLOC_BUCKET]
      Large Block size 4.0 MB
      Used Block count 1
      Peak Allocated bytes 4.0 MB
      Failed Allocations. Bucket layout:
        16B: 6 Subsections = 6144 buckets. Failed count: 185341
        32B: 26 Subsections = 13312 buckets. Failed count: 48839
        48B: 31 Subsections = 10581 buckets. Failed count: 200248
        64B: 141 Subsections = 36096 buckets. Failed count: 186062
        80B: 37 Subsections = 7577 buckets. Failed count: 15752
        96B: 3 Subsections = 512 buckets. Failed count: 27155
        112B: 2 Subsections = 292 buckets. Failed count: 1091
        128B: 10 Subsections = 1280 buckets. Failed count: 35588
    [ALLOC_CACHEOBJECTS_MAIN]
      Peak usage frame count: [2.0 MB-4.0 MB]: 5875 frames
      Requested Block Size 4.0 MB
      Peak Block count 1
      Peak Allocated memory 3.0 MB
      Peak Large allocation bytes 0 B
    [ALLOC_CACHEOBJECTS_THREAD]
      Peak usage frame count: [8.0 MB-16.0 MB]: 2621 frames, [16.0 MB-32.0 MB]: 3253 frames, [32.0 MB-64.0 MB]: 1 frames
      Requested Block Size 4.0 MB
      Peak Block count 6
      Peak Allocated memory 34.3 MB
      Peak Large allocation bytes 14.7 MB
[ALLOC_TYPETREE] Dual Thread Allocator
  Peak main deferred allocation count 0
    [ALLOC_BUCKET]
      Large Block size 4.0 MB
      Used Block count 1
      Peak Allocated bytes 4.0 MB
      Failed Allocations. Bucket layout:
        16B: 6 Subsections = 6144 buckets. Failed count: 185341
        32B: 26 Subsections = 13312 buckets. Failed count: 48839
        48B: 31 Subsections = 10581 buckets. Failed count: 200248
        64B: 141 Subsections = 36096 buckets. Failed count: 186062
        80B: 37 Subsections = 7577 buckets. Failed count: 15752
        96B: 3 Subsections = 512 buckets. Failed count: 27155
        112B: 2 Subsections = 292 buckets. Failed count: 1091
        128B: 10 Subsections = 1280 buckets. Failed count: 35588
    [ALLOC_TYPETREE_MAIN]
      Peak usage frame count: [0-1.0 KB]: 1 frames, [8.0 KB-16.0 KB]: 5874 frames
      Requested Block Size 2.0 MB
      Peak Block count 1
      Peak Allocated memory 9.7 KB
      Peak Large allocation bytes 0 B
    [ALLOC_TYPETREE_THREAD]
      Peak usage frame count: [32.0 KB-64.0 KB]: 2622 frames, [64.0 KB-128.0 KB]: 3253 frames
      Requested Block Size 2.0 MB
      Peak Block count 1
      Peak Allocated memory 66.3 KB
      Peak Large allocation bytes 0 B
